This file contains any messages produced by compilers while
running configure, to aid debugging if configure makes a mistake.

It was created by Yate configure 5.5.1, which was
generated by GNU Autoconf 2.69.  Invocation command line was

  $ ./configure --enable-sctp --enable-dahdi

## --------- ##
## Platform. ##
## --------- ##

hostname = computer
uname -m = x86_64
uname -r = 4.4.0-38-generic
uname -s = Linux
uname -v = #57-Ubuntu SMP Tue Sep 6 15:42:33 UTC 2016

/usr/bin/uname -p = unknown
/bin/uname -X     = unknown

/bin/arch              = unknown
/usr/bin/arch -k       = unknown
/usr/convex/getsysinfo = unknown
/usr/bin/hostinfo      = unknown
/bin/machine           = unknown
/usr/bin/oslevel       = unknown
/bin/universe          = unknown

PATH: /home/user/bin
PATH: /home/user/.local/bin
PATH: /usr/local/sbin
PATH: /usr/local/bin
PATH: /usr/sbin
PATH: /usr/bin
PATH: /sbin
PATH: /bin
PATH: /usr/games
PATH: /usr/local/games
PATH: /snap/bin


## ----------- ##
## Core tests. ##
## ----------- ##

configure:2419: checking for local operating system type
configure:2423: result: Linux
configure:2433: checking for libraries directory name
configure:2458: result: lib/x86_64-linux-gnu
configure:2521: checking for g++
configure:2537: found /usr/bin/g++
configure:2548: result: g++
configure:2575: checking for C++ compiler version
configure:2584: g++ --version >&5
g++ (Ubuntu 5.4.0-6ubuntu1~16.04.2) 5.4.0 20160609
Copyright (C) 2015 Free Software Foundation, Inc.
This is free software; see the source for copying conditions.  There is NO
warranty; not even for MERCHANTABILITY or FITNESS FOR A PARTICULAR PURPOSE.

configure:2595: $? = 0
configure:2584: g++ -v >&5
Using built-in specs.
COLLECT_GCC=g++
COLLECT_LTO_WRAPPER=/usr/lib/gcc/x86_64-linux-gnu/5/lto-wrapper
Target: x86_64-linux-gnu
Configured with: ../src/configure -v --with-pkgversion='Ubuntu 5.4.0-6ubuntu1~16.04.2' --with-bugurl=file:///usr/share/doc/gcc-5/README.Bugs --enable-languages=c,ada,c++,java,go,d,fortran,objc,obj-c++ --prefix=/usr --program-suffix=-5 --enable-shared --enable-linker-build-id --libexecdir=/usr/lib --without-included-gettext --enable-threads=posix --libdir=/usr/lib --enable-nls --with-sysroot=/ --enable-clocale=gnu --enable-libstdcxx-debug --enable-libstdcxx-time=yes --with-default-libstdcxx-abi=new --enable-gnu-unique-object --disable-vtable-verify --enable-libmpx --enable-plugin --with-system-zlib --disable-browser-plugin --enable-java-awt=gtk --enable-gtk-cairo --with-java-home=/usr/lib/jvm/java-1.5.0-gcj-5-amd64/jre --enable-java-home --with-jvm-root-dir=/usr/lib/jvm/java-1.5.0-gcj-5-amd64 --with-jvm-jar-dir=/usr/lib/jvm-exports/java-1.5.0-gcj-5-amd64 --with-arch-directory=amd64 --with-ecj-jar=/usr/share/java/eclipse-ecj.jar --enable-objc-gc --enable-multiarch --disable-werror --with-arch-32=i686 --with-abi=m64 --with-multilib-list=m32,m64,mx32 --enable-multilib --with-tune=generic --enable-checking=release --build=x86_64-linux-gnu --host=x86_64-linux-gnu --target=x86_64-linux-gnu
Thread model: posix
gcc version 5.4.0 20160609 (Ubuntu 5.4.0-6ubuntu1~16.04.2) 
configure:2595: $? = 0
configure:2584: g++ -V >&5
g++: error: unrecognized command line option '-V'
g++: fatal error: no input files
compilation terminated.
configure:2595: $? = 1
configure:2584: g++ -qversion >&5
g++: error: unrecognized command line option '-qversion'
g++: fatal error: no input files
compilation terminated.
configure:2595: $? = 1
configure:2615: checking whether the C++ compiler works
configure:2637: g++    conftest.cpp  >&5
configure:2641: $? = 0
configure:2689: result: yes
configure:2692: checking for C++ compiler default output file name
configure:2694: result: a.out
configure:2700: checking for suffix of executables
configure:2707: g++ -o conftest    conftest.cpp  >&5
configure:2711: $? = 0
configure:2733: result: 
configure:2755: checking whether we are cross compiling
configure:2763: g++ -o conftest    conftest.cpp  >&5
configure:2767: $? = 0
configure:2774: ./conftest
configure:2778: $? = 0
configure:2793: result: no
configure:2798: checking for suffix of object files
configure:2820: g++ -c   conftest.cpp >&5
configure:2824: $? = 0
configure:2845: result: o
configure:2849: checking whether we are using the GNU C++ compiler
configure:2868: g++ -c   conftest.cpp >&5
configure:2868: $? = 0
configure:2877: result: yes
configure:2886: checking whether g++ accepts -g
configure:2906: g++ -c -g  conftest.cpp >&5
configure:2906: $? = 0
configure:2947: result: yes
configure:3018: checking for gcc
configure:3034: found /usr/bin/gcc
configure:3045: result: gcc
configure:3274: checking for C compiler version
configure:3283: gcc --version >&5
gcc (Ubuntu 5.4.0-6ubuntu1~16.04.2) 5.4.0 20160609
Copyright (C) 2015 Free Software Foundation, Inc.
This is free software; see the source for copying conditions.  There is NO
warranty; not even for MERCHANTABILITY or FITNESS FOR A PARTICULAR PURPOSE.

configure:3294: $? = 0
configure:3283: gcc -v >&5
Using built-in specs.
COLLECT_GCC=gcc
COLLECT_LTO_WRAPPER=/usr/lib/gcc/x86_64-linux-gnu/5/lto-wrapper
Target: x86_64-linux-gnu
Configured with: ../src/configure -v --with-pkgversion='Ubuntu 5.4.0-6ubuntu1~16.04.2' --with-bugurl=file:///usr/share/doc/gcc-5/README.Bugs --enable-languages=c,ada,c++,java,go,d,fortran,objc,obj-c++ --prefix=/usr --program-suffix=-5 --enable-shared --enable-linker-build-id --libexecdir=/usr/lib --without-included-gettext --enable-threads=posix --libdir=/usr/lib --enable-nls --with-sysroot=/ --enable-clocale=gnu --enable-libstdcxx-debug --enable-libstdcxx-time=yes --with-default-libstdcxx-abi=new --enable-gnu-unique-object --disable-vtable-verify --enable-libmpx --enable-plugin --with-system-zlib --disable-browser-plugin --enable-java-awt=gtk --enable-gtk-cairo --with-java-home=/usr/lib/jvm/java-1.5.0-gcj-5-amd64/jre --enable-java-home --with-jvm-root-dir=/usr/lib/jvm/java-1.5.0-gcj-5-amd64 --with-jvm-jar-dir=/usr/lib/jvm-exports/java-1.5.0-gcj-5-amd64 --with-arch-directory=amd64 --with-ecj-jar=/usr/share/java/eclipse-ecj.jar --enable-objc-gc --enable-multiarch --disable-werror --with-arch-32=i686 --with-abi=m64 --with-multilib-list=m32,m64,mx32 --enable-multilib --with-tune=generic --enable-checking=release --build=x86_64-linux-gnu --host=x86_64-linux-gnu --target=x86_64-linux-gnu
Thread model: posix
gcc version 5.4.0 20160609 (Ubuntu 5.4.0-6ubuntu1~16.04.2) 
configure:3294: $? = 0
configure:3283: gcc -V >&5
gcc: error: unrecognized command line option '-V'
gcc: fatal error: no input files
compilation terminated.
configure:3294: $? = 1
configure:3283: gcc -qversion >&5
gcc: error: unrecognized command line option '-qversion'
gcc: fatal error: no input files
compilation terminated.
configure:3294: $? = 1
configure:3298: checking whether we are using the GNU C compiler
configure:3317: gcc -c   conftest.c >&5
configure:3317: $? = 0
configure:3326: result: yes
configure:3335: checking whether gcc accepts -g
configure:3355: gcc -c -g  conftest.c >&5
configure:3355: $? = 0
configure:3396: result: yes
configure:3413: checking for gcc option to accept ISO C89
configure:3476: gcc  -c -g -O2  conftest.c >&5
configure:3476: $? = 0
configure:3489: result: none needed
configure:3513: checking for gawk
configure:3543: result: no
configure:3513: checking for mawk
configure:3529: found /usr/bin/mawk
configure:3540: result: mawk
configure:3552: checking for sed command to use
configure:3561: result: sed
configure:3570: checking how to run the C preprocessor
configure:3601: gcc -E  conftest.c
configure:3601: $? = 0
configure:3615: gcc -E  conftest.c
conftest.c:9:28: fatal error: ac_nonexistent.h: No such file or directory
compilation terminated.
configure:3615: $? = 1
configure: failed program was:
| /* confdefs.h */
| #define PACKAGE_NAME "Yate"
| #define PACKAGE_TARNAME "yate"
| #define PACKAGE_VERSION "5.5.1"
| #define PACKAGE_STRING "Yate 5.5.1"
| #define PACKAGE_BUGREPORT ""
| #define PACKAGE_URL ""
| /* end confdefs.h.  */
| #include <ac_nonexistent.h>
configure:3640: result: gcc -E
configure:3660: gcc -E  conftest.c
configure:3660: $? = 0
configure:3674: gcc -E  conftest.c
conftest.c:9:28: fatal error: ac_nonexistent.h: No such file or directory
compilation terminated.
configure:3674: $? = 1
configure: failed program was:
| /* confdefs.h */
| #define PACKAGE_NAME "Yate"
| #define PACKAGE_TARNAME "yate"
| #define PACKAGE_VERSION "5.5.1"
| #define PACKAGE_STRING "Yate 5.5.1"
| #define PACKAGE_BUGREPORT ""
| #define PACKAGE_URL ""
| /* end confdefs.h.  */
| #include <ac_nonexistent.h>
configure:3703: checking for grep that handles long lines and -e
configure:3761: result: /bin/grep
configure:3766: checking for egrep
configure:3828: result: /bin/grep -E
configure:3833: checking for ANSI C header files
configure:3853: gcc -c -g -O2  conftest.c >&5
configure:3853: $? = 0
configure:3926: gcc -o conftest -g -O2   conftest.c  >&5
configure:3926: $? = 0
configure:3926: ./conftest
configure:3926: $? = 0
configure:3937: result: yes
configure:3950: checking for sys/types.h
configure:3950: gcc -c -g -O2  conftest.c >&5
configure:3950: $? = 0
configure:3950: result: yes
configure:3950: checking for sys/stat.h
configure:3950: gcc -c -g -O2  conftest.c >&5
configure:3950: $? = 0
configure:3950: result: yes
configure:3950: checking for stdlib.h
configure:3950: gcc -c -g -O2  conftest.c >&5
configure:3950: $? = 0
configure:3950: result: yes
configure:3950: checking for string.h
configure:3950: gcc -c -g -O2  conftest.c >&5
configure:3950: $? = 0
configure:3950: result: yes
configure:3950: checking for memory.h
configure:3950: gcc -c -g -O2  conftest.c >&5
configure:3950: $? = 0
configure:3950: result: yes
configure:3950: checking for strings.h
configure:3950: gcc -c -g -O2  conftest.c >&5
configure:3950: $? = 0
configure:3950: result: yes
configure:3950: checking for inttypes.h
configure:3950: gcc -c -g -O2  conftest.c >&5
configure:3950: $? = 0
configure:3950: result: yes
configure:3950: checking for stdint.h
configure:3950: gcc -c -g -O2  conftest.c >&5
configure:3950: $? = 0
configure:3950: result: yes
configure:3950: checking for unistd.h
configure:3950: gcc -c -g -O2  conftest.c >&5
configure:3950: $? = 0
configure:3950: result: yes
configure:3962: checking whether byte ordering is bigendian
configure:3977: gcc -c -g -O2  conftest.c >&5
conftest.c:20:9: error: unknown type name 'not'
         not a universal capable compiler
         ^
conftest.c:20:15: error: expected '=', ',', ';', 'asm' or '__attribute__' before 'universal'
         not a universal capable compiler
               ^
conftest.c:20:15: error: unknown type name 'universal'
configure:3977: $? = 1
configure: failed program was:
| /* confdefs.h */
| #define PACKAGE_NAME "Yate"
| #define PACKAGE_TARNAME "yate"
| #define PACKAGE_VERSION "5.5.1"
| #define PACKAGE_STRING "Yate 5.5.1"
| #define PACKAGE_BUGREPORT ""
| #define PACKAGE_URL ""
| #define STDC_HEADERS 1
| #define HAVE_SYS_TYPES_H 1
| #define HAVE_SYS_STAT_H 1
| #define HAVE_STDLIB_H 1
| #define HAVE_STRING_H 1
| #define HAVE_MEMORY_H 1
| #define HAVE_STRINGS_H 1
| #define HAVE_INTTYPES_H 1
| #define HAVE_STDINT_H 1
| #define HAVE_UNISTD_H 1
| /* end confdefs.h.  */
| #ifndef __APPLE_CC__
| 	       not a universal capable compiler
| 	     #endif
| 	     typedef int dummy;
| 
configure:4022: gcc -c -g -O2  conftest.c >&5
configure:4022: $? = 0
configure:4040: gcc -c -g -O2  conftest.c >&5
conftest.c: In function 'main':
conftest.c:26:4: error: unknown type name 'not'
    not big endian
    ^
conftest.c:26:12: error: expected '=', ',', ';', 'asm' or '__attribute__' before 'endian'
    not big endian
            ^
configure:4040: $? = 1
configure: failed program was:
| /* confdefs.h */
| #define PACKAGE_NAME "Yate"
| #define PACKAGE_TARNAME "yate"
| #define PACKAGE_VERSION "5.5.1"
| #define PACKAGE_STRING "Yate 5.5.1"
| #define PACKAGE_BUGREPORT ""
| #define PACKAGE_URL ""
| #define STDC_HEADERS 1
| #define HAVE_SYS_TYPES_H 1
| #define HAVE_SYS_STAT_H 1
| #define HAVE_STDLIB_H 1
| #define HAVE_STRING_H 1
| #define HAVE_MEMORY_H 1
| #define HAVE_STRINGS_H 1
| #define HAVE_INTTYPES_H 1
| #define HAVE_STDINT_H 1
| #define HAVE_UNISTD_H 1
| /* end confdefs.h.  */
| #include <sys/types.h>
| 		#include <sys/param.h>
| 
| int
| main ()
| {
| #if BYTE_ORDER != BIG_ENDIAN
| 		 not big endian
| 		#endif
| 
|   ;
|   return 0;
| }
configure:4168: result: no
configure:4188: checking for gcc printf format typechecks
configure:4203: gcc -c -g -O2 -Wall -Werror  conftest.c >&5
configure:4203: $? = 0
configure:4213: result: yes
configure:4218: checking for -Wno-overloaded-virtual flag
configure:4233: gcc -c -Wno-overloaded-virtual -Werror  conftest.c >&5
cc1: warning: command line option '-Wno-overloaded-virtual' is valid for C++/ObjC++ but not for C
configure:4233: $? = 0
configure:4243: result: yes
configure:4248: checking if ld supports reporting unresolved symbols
configure:4263: gcc -o conftest -g -O2 -Wall -Werror -Wl,--unresolved-symbols=ignore-in-shared-libs   conftest.c  >&5
configure:4263: $? = 0
configure:4271: result: yes
configure:4284: checking if instruction blocks return values
configure:4297: gcc -c -g -O2  conftest.c >&5
configure:4297: $? = 0
configure:4301: result: yes
configure:4315: checking for dirent.h that defines DIR
configure:4334: gcc -c -g -O2  conftest.c >&5
configure:4334: $? = 0
configure:4342: result: yes
configure:4355: checking for library containing opendir
configure:4386: gcc -o conftest -g -O2   conftest.c  >&5
configure:4386: $? = 0
configure:4403: result: none required
configure:4470: checking for ANSI C header files
configure:4574: result: yes
configure:4585: checking fcntl.h usability
configure:4585: gcc -c -g -O2  conftest.c >&5
configure:4585: $? = 0
configure:4585: result: yes
configure:4585: checking fcntl.h presence
configure:4585: gcc -E  conftest.c
configure:4585: $? = 0
configure:4585: result: yes
configure:4585: checking for fcntl.h
configure:4585: result: yes
configure:4585: checking semaphore.h usability
configure:4585: gcc -c -g -O2  conftest.c >&5
configure:4585: $? = 0
configure:4585: result: yes
configure:4585: checking semaphore.h presence
configure:4585: gcc -E  conftest.c
configure:4585: $? = 0
configure:4585: result: yes
configure:4585: checking for semaphore.h
configure:4585: result: yes
configure:4585: checking arpa/inet.h usability
configure:4585: gcc -c -g -O2  conftest.c >&5
configure:4585: $? = 0
configure:4585: result: yes
configure:4585: checking arpa/inet.h presence
configure:4585: gcc -E  conftest.c
configure:4585: $? = 0
configure:4585: result: yes
configure:4585: checking for arpa/inet.h
configure:4585: result: yes
configure:4585: checking netdb.h usability
configure:4585: gcc -c -g -O2  conftest.c >&5
configure:4585: $? = 0
configure:4585: result: yes
configure:4585: checking netdb.h presence
configure:4585: gcc -E  conftest.c
configure:4585: $? = 0
configure:4585: result: yes
configure:4585: checking for netdb.h
configure:4585: result: yes
configure:4585: checking netinet/in.h usability
configure:4585: gcc -c -g -O2  conftest.c >&5
configure:4585: $? = 0
configure:4585: result: yes
configure:4585: checking netinet/in.h presence
configure:4585: gcc -E  conftest.c
configure:4585: $? = 0
configure:4585: result: yes
configure:4585: checking for netinet/in.h
configure:4585: result: yes
configure:4585: checking sys/ioctl.h usability
configure:4585: gcc -c -g -O2  conftest.c >&5
configure:4585: $? = 0
configure:4585: result: yes
configure:4585: checking sys/ioctl.h presence
configure:4585: gcc -E  conftest.c
configure:4585: $? = 0
configure:4585: result: yes
configure:4585: checking for sys/ioctl.h
configure:4585: result: yes
configure:4585: checking sys/socket.h usability
configure:4585: gcc -c -g -O2  conftest.c >&5
configure:4585: $? = 0
configure:4585: result: yes
configure:4585: checking sys/socket.h presence
configure:4585: gcc -E  conftest.c
configure:4585: $? = 0
configure:4585: result: yes
configure:4585: checking for sys/socket.h
configure:4585: result: yes
configure:4585: checking sys/time.h usability
configure:4585: gcc -c -g -O2  conftest.c >&5
configure:4585: $? = 0
configure:4585: result: yes
configure:4585: checking sys/time.h presence
configure:4585: gcc -E  conftest.c
configure:4585: $? = 0
configure:4585: result: yes
configure:4585: checking for sys/time.h
configure:4585: result: yes
configure:4599: checking for an ANSI C-conforming const
configure:4665: gcc -c -g -O2  conftest.c >&5
configure:4665: $? = 0
configure:4672: result: yes
configure:4680: checking for inline
configure:4696: gcc -c -g -O2  conftest.c >&5
configure:4696: $? = 0
configure:4704: result: inline
configure:4722: checking whether time.h and sys/time.h may both be included
configure:4742: gcc -c -g -O2  conftest.c >&5
configure:4742: $? = 0
configure:4749: result: yes
configure:4759: checking return type of signal handlers
configure:4777: gcc -c -g -O2  conftest.c >&5
conftest.c: In function 'main':
conftest.c:36:9: error: void value not ignored as it ought to be
 return *(signal (0, 0)) (0) == 1;
         ^
configure:4777: $? = 1
configure: failed program was:
| /* confdefs.h */
| #define PACKAGE_NAME "Yate"
| #define PACKAGE_TARNAME "yate"
| #define PACKAGE_VERSION "5.5.1"
| #define PACKAGE_STRING "Yate 5.5.1"
| #define PACKAGE_BUGREPORT ""
| #define PACKAGE_URL ""
| #define STDC_HEADERS 1
| #define HAVE_SYS_TYPES_H 1
| #define HAVE_SYS_STAT_H 1
| #define HAVE_STDLIB_H 1
| #define HAVE_STRING_H 1
| #define HAVE_MEMORY_H 1
| #define HAVE_STRINGS_H 1
| #define HAVE_INTTYPES_H 1
| #define HAVE_STDINT_H 1
| #define HAVE_UNISTD_H 1
| #define HAVE_DIRENT_H 1
| #define STDC_HEADERS 1
| #define HAVE_FCNTL_H 1
| #define HAVE_SEMAPHORE_H 1
| #define HAVE_ARPA_INET_H 1
| #define HAVE_NETDB_H 1
| #define HAVE_NETINET_IN_H 1
| #define HAVE_SYS_IOCTL_H 1
| #define HAVE_SYS_SOCKET_H 1
| #define HAVE_SYS_TIME_H 1
| #define TIME_WITH_SYS_TIME 1
| /* end confdefs.h.  */
| #include <sys/types.h>
| #include <signal.h>
| 
| int
| main ()
| {
| return *(signal (0, 0)) (0) == 1;
|   ;
|   return 0;
| }
configure:4784: result: void
configure:4795: checking for malloc
configure:4795: gcc -o conftest -g -O2   conftest.c  >&5
conftest.c:54:6: warning: conflicting types for built-in function 'malloc'
 char malloc ();
      ^
configure:4795: $? = 0
configure:4795: result: yes
configure:4795: checking for gettimeofday
configure:4795: gcc -o conftest -g -O2   conftest.c  >&5
configure:4795: $? = 0
configure:4795: result: yes
configure:4795: checking for inet_ntoa
configure:4795: gcc -o conftest -g -O2   conftest.c  >&5
configure:4795: $? = 0
configure:4795: result: yes
configure:4795: checking for memmove
configure:4795: gcc -o conftest -g -O2   conftest.c  >&5
conftest.c:57:6: warning: conflicting types for built-in function 'memmove'
 char memmove ();
      ^
configure:4795: $? = 0
configure:4795: result: yes
configure:4795: checking for strerror
configure:4795: gcc -o conftest -g -O2   conftest.c  >&5
configure:4795: $? = 0
configure:4795: result: yes
configure:4810: checking for getcwd
configure:4810: gcc -o conftest -g -O2   conftest.c  >&5
configure:4810: $? = 0
configure:4810: result: yes
configure:4822: checking for prctl
configure:4841: gcc -c -g -O2  conftest.c >&5
configure:4841: $? = 0
configure:4845: result: yes
configure:4853: checking for sockaddr.sa_len presence
configure:4871: gcc -c -g -O2  conftest.c >&5
conftest.c: In function 'main':
conftest.c:45:6: error: 'struct sockaddr' has no member named 'sa_len'
 saddr.sa_len = sizeof(struct sockaddr);
      ^
configure:4871: $? = 1
configure: failed program was:
| /* confdefs.h */
| #define PACKAGE_NAME "Yate"
| #define PACKAGE_TARNAME "yate"
| #define PACKAGE_VERSION "5.5.1"
| #define PACKAGE_STRING "Yate 5.5.1"
| #define PACKAGE_BUGREPORT ""
| #define PACKAGE_URL ""
| #define STDC_HEADERS 1
| #define HAVE_SYS_TYPES_H 1
| #define HAVE_SYS_STAT_H 1
| #define HAVE_STDLIB_H 1
| #define HAVE_STRING_H 1
| #define HAVE_MEMORY_H 1
| #define HAVE_STRINGS_H 1
| #define HAVE_INTTYPES_H 1
| #define HAVE_STDINT_H 1
| #define HAVE_UNISTD_H 1
| #define HAVE_DIRENT_H 1
| #define STDC_HEADERS 1
| #define HAVE_FCNTL_H 1
| #define HAVE_SEMAPHORE_H 1
| #define HAVE_ARPA_INET_H 1
| #define HAVE_NETDB_H 1
| #define HAVE_NETINET_IN_H 1
| #define HAVE_SYS_IOCTL_H 1
| #define HAVE_SYS_SOCKET_H 1
| #define HAVE_SYS_TIME_H 1
| #define TIME_WITH_SYS_TIME 1
| #define RETSIGTYPE void
| #define HAVE_MALLOC 1
| #define HAVE_GETTIMEOFDAY 1
| #define HAVE_INET_NTOA 1
| #define HAVE_MEMMOVE 1
| #define HAVE_STRERROR 1
| #define HAVE_GETCWD 1
| /* end confdefs.h.  */
| 
| #include <sys/socket.h>
| 
| int
| main ()
| {
| 
| struct sockaddr saddr;
| saddr.sa_len = sizeof(struct sockaddr);
| 
|   ;
|   return 0;
| }
configure:4882: result: no
configure:4886: checking for tm.tm_gmtoff presence
configure:4905: gcc -c -g -O2  conftest.c >&5
configure:4905: $? = 0
configure:4909: result: yes
configure:4917: checking for integer timezone variable
configure:4935: gcc -c -g -O2  conftest.c >&5
configure:4935: $? = 0
configure:4939: result: yes
configure:4955: checking for poll
configure:4972: gcc -c -g -O2  conftest.c >&5
configure:4972: $? = 0
configure:4976: result: yes
configure:5070: checking for pthread_mutexattr_settype in -lpthread
configure:5095: gcc -o conftest -g -O2   conftest.c -lpthread   >&5
configure:5095: $? = 0
configure:5104: result: yes
configure:5161: checking for dlopen in default libs
configure:5181: gcc -o conftest -g -O2   conftest.c  >&5
/tmp/ccqVnLCA.o: In function `main':
/home/user/yate/conftest.c:41: undefined reference to `dlopen'
collect2: error: ld returned 1 exit status
configure:5181: $? = 1
configure: failed program was:
| /* confdefs.h */
| #define PACKAGE_NAME "Yate"
| #define PACKAGE_TARNAME "yate"
| #define PACKAGE_VERSION "5.5.1"
| #define PACKAGE_STRING "Yate 5.5.1"
| #define PACKAGE_BUGREPORT ""
| #define PACKAGE_URL ""
| #define STDC_HEADERS 1
| #define HAVE_SYS_TYPES_H 1
| #define HAVE_SYS_STAT_H 1
| #define HAVE_STDLIB_H 1
| #define HAVE_STRING_H 1
| #define HAVE_MEMORY_H 1
| #define HAVE_STRINGS_H 1
| #define HAVE_INTTYPES_H 1
| #define HAVE_STDINT_H 1
| #define HAVE_UNISTD_H 1
| #define HAVE_DIRENT_H 1
| #define STDC_HEADERS 1
| #define HAVE_FCNTL_H 1
| #define HAVE_SEMAPHORE_H 1
| #define HAVE_ARPA_INET_H 1
| #define HAVE_NETDB_H 1
| #define HAVE_NETINET_IN_H 1
| #define HAVE_SYS_IOCTL_H 1
| #define HAVE_SYS_SOCKET_H 1
| #define HAVE_SYS_TIME_H 1
| #define TIME_WITH_SYS_TIME 1
| #define RETSIGTYPE void
| #define HAVE_MALLOC 1
| #define HAVE_GETTIMEOFDAY 1
| #define HAVE_INET_NTOA 1
| #define HAVE_MEMMOVE 1
| #define HAVE_STRERROR 1
| #define HAVE_GETCWD 1
| /* end confdefs.h.  */
| #include <dlfcn.h>
| int
| main ()
| {
| dlopen("",0);
|   ;
|   return 0;
| }
configure:5194: result: no
configure:5197: checking for dlopen in -ldl
configure:5222: gcc -o conftest -g -O2   conftest.c -ldl   >&5
configure:5222: $? = 0
configure:5231: result: yes
configure:5263: checking for pthread_mutexattr_settype declaration
configure:5282: gcc -c -g -O2 -Wall -Werror  conftest.c >&5
configure:5282: $? = 0
configure:5292: result: yes
configure:5295: checking for pthread_mutex_timedlock
configure:5316: gcc -o conftest -g -O2 -Wall -Werror   conftest.c  -lpthread >&5
configure:5316: $? = 0
configure:5327: result: yes
configure:5330: checking for sem_timedwait
configure:5350: gcc -o conftest -g -O2 -Wall -Werror   conftest.c  -lpthread >&5
configure:5350: $? = 0
configure:5361: result: yes
configure:5375: checking for inet_ntop
configure:5375: gcc -o conftest -g -O2   conftest.c  >&5
configure:5375: $? = 0
configure:5375: result: yes
configure:5380: checking for inet_pton
configure:5380: gcc -o conftest -g -O2   conftest.c  >&5
configure:5380: $? = 0
configure:5380: result: yes
configure:5385: checking for gethostbyname_r
configure:5385: gcc -o conftest -g -O2   conftest.c  >&5
configure:5385: $? = 0
configure:5385: result: yes
configure:5390: checking for gethostbyname2_r
configure:5390: gcc -o conftest -g -O2   conftest.c  >&5
configure:5390: $? = 0
configure:5390: result: yes
configure:5395: checking for gethostbyname2
configure:5395: gcc -o conftest -g -O2   conftest.c  >&5
configure:5395: $? = 0
configure:5395: result: yes
configure:5403: checking for pthread_kill_other_threads_np declaration
configure:5430: gcc -c -g -O2 -Wall -Werror  conftest.c >&5
conftest.c: In function 'main':
conftest.c:46:1: error: implicit declaration of function 'pthread_kill_other_threads_np' [-Werror=implicit-function-declaration]
 pthread_kill_other_threads_np();
 ^
cc1: all warnings being treated as errors
configure:5430: $? = 1
configure: failed program was:
| /* confdefs.h */
| #define PACKAGE_NAME "Yate"
| #define PACKAGE_TARNAME "yate"
| #define PACKAGE_VERSION "5.5.1"
| #define PACKAGE_STRING "Yate 5.5.1"
| #define PACKAGE_BUGREPORT ""
| #define PACKAGE_URL ""
| #define STDC_HEADERS 1
| #define HAVE_SYS_TYPES_H 1
| #define HAVE_SYS_STAT_H 1
| #define HAVE_STDLIB_H 1
| #define HAVE_STRING_H 1
| #define HAVE_MEMORY_H 1
| #define HAVE_STRINGS_H 1
| #define HAVE_INTTYPES_H 1
| #define HAVE_STDINT_H 1
| #define HAVE_UNISTD_H 1
| #define HAVE_DIRENT_H 1
| #define STDC_HEADERS 1
| #define HAVE_FCNTL_H 1
| #define HAVE_SEMAPHORE_H 1
| #define HAVE_ARPA_INET_H 1
| #define HAVE_NETDB_H 1
| #define HAVE_NETINET_IN_H 1
| #define HAVE_SYS_IOCTL_H 1
| #define HAVE_SYS_SOCKET_H 1
| #define HAVE_SYS_TIME_H 1
| #define TIME_WITH_SYS_TIME 1
| #define RETSIGTYPE void
| #define HAVE_MALLOC 1
| #define HAVE_GETTIMEOFDAY 1
| #define HAVE_INET_NTOA 1
| #define HAVE_MEMMOVE 1
| #define HAVE_STRERROR 1
| #define HAVE_GETCWD 1
| #define HAVE_LIBDL 1
| /* end confdefs.h.  */
| 
| #include <unistd.h>
| #include <pthread.h>
| 
| int
| main ()
| {
| 
| pthread_kill_other_threads_np();
| 
|   ;
|   return 0;
| }
configure:5447: result: no
configure:5460: checking whether to use inline functions
configure:5475: result: auto
configure:5489: checking whether to use atomic integer operations
configure:5515: gcc -o conftest -g -O2 -Wall -Werror   conftest.c  >&5
configure:5515: $? = 0
configure:5530: result: yes
configure:5545: checking whether to use sse2 operations
configure:5592: result: no
configure:5631: gcc -c -g -O2  conftest.c >&5
configure:5631: $? = 0
configure:5670: checking for basic SCTP support
configure:5685: gcc -c -g -O2  conftest.c >&5
configure:5685: $? = 0
configure:5689: result: yes
configure:5691: checking for netinet/sctp.h usability
configure:5707: gcc -c -g -O2  conftest.c >&5
configure:5707: $? = 0
configure:5711: result: yes
configure:5718: checking whether sctp_connectx has 4 arguments
configure:5734: gcc -c -g -O2  conftest.c >&5
configure:5734: $? = 0
configure:5738: result: yes
configure:5744: checking whether sctp_setadaptation struct is present
configure:5760: gcc -c -g -O2  conftest.c >&5
configure:5760: $? = 0
configure:5764: result: yes
configure:5770: checking whether sctp_sack_info struct is present
configure:5786: gcc -c -g -O2  conftest.c >&5
configure:5786: $? = 0
configure:5790: result: yes
configure:5851: checking for resolver library
configure:5876: gcc -o conftest -g -O2 -Wall -Werror -Wl,--unresolved-symbols=ignore-in-shared-libs   conftest.c  >&5
configure:5876: $? = 0
configure:5917: gcc -o conftest -g -O2 -Wall -Werror -Wl,--unresolved-symbols=ignore-in-shared-libs   conftest.c  >&5
/tmp/ccKwAbDc.o: In function `main':
/home/user/yate/conftest.c:44: undefined reference to `__res_query'
collect2: error: ld returned 1 exit status
configure:5917: $? = 1
configure: failed program was:
| /* confdefs.h */
| #define PACKAGE_NAME "Yate"
| #define PACKAGE_TARNAME "yate"
| #define PACKAGE_VERSION "5.5.1"
| #define PACKAGE_STRING "Yate 5.5.1"
| #define PACKAGE_BUGREPORT ""
| #define PACKAGE_URL ""
| #define STDC_HEADERS 1
| #define HAVE_SYS_TYPES_H 1
| #define HAVE_SYS_STAT_H 1
| #define HAVE_STDLIB_H 1
| #define HAVE_STRING_H 1
| #define HAVE_MEMORY_H 1
| #define HAVE_STRINGS_H 1
| #define HAVE_INTTYPES_H 1
| #define HAVE_STDINT_H 1
| #define HAVE_UNISTD_H 1
| #define HAVE_DIRENT_H 1
| #define STDC_HEADERS 1
| #define HAVE_FCNTL_H 1
| #define HAVE_SEMAPHORE_H 1
| #define HAVE_ARPA_INET_H 1
| #define HAVE_NETDB_H 1
| #define HAVE_NETINET_IN_H 1
| #define HAVE_SYS_IOCTL_H 1
| #define HAVE_SYS_SOCKET_H 1
| #define HAVE_SYS_TIME_H 1
| #define TIME_WITH_SYS_TIME 1
| #define RETSIGTYPE void
| #define HAVE_MALLOC 1
| #define HAVE_GETTIMEOFDAY 1
| #define HAVE_INET_NTOA 1
| #define HAVE_MEMMOVE 1
| #define HAVE_STRERROR 1
| #define HAVE_GETCWD 1
| #define HAVE_LIBDL 1
| /* end confdefs.h.  */
| #include <netinet/in.h>
| #include <arpa/nameser.h>
| #include <resolv.h>
| int
| main ()
| {
| unsigned char x[2]; res_query("",0,0,x,0);
|   ;
|   return 0;
| }
configure:5932: result: yes -lresolv
configure:5937: checking for dn_skipname
configure:5963: gcc -o conftest -g -O2 -Wall -Werror -Wl,--unresolved-symbols=ignore-in-shared-libs   conftest.c  -lresolv >&5
configure:5963: $? = 0
configure:5976: result: yes
configure:5992: checking whether to use the internal regexp library
configure:6009: result: no
configure:6014: checking for regcomp
configure:6014: gcc -o conftest -g -O2   conftest.c  >&5
configure:6014: $? = 0
configure:6014: result: yes
configure:6078: checking for Postgress SQL in /usr
configure:6129: result: no
configure:6150: checking for MySQL using mysql_config
configure:6182: result: no 
configure:6268: checking for SQLite using pkg-config
configure:6287: result: no
configure:6305: checking for Dahdi generic headers
configure:6320: gcc -c -g -O2  conftest.c >&5
configure:6320: $? = 0
configure:6325: result: yes
configure:6419: checking for Wanpipe new generic headers
configure:6445: gcc -c -g -O2 -I/usr/include/wanpipe  conftest.c >&5
conftest.c:45:24: fatal error: if_wanpipe.h: No such file or directory
compilation terminated.
configure:6445: $? = 1
configure: failed program was:
| /* confdefs.h */
| #define PACKAGE_NAME "Yate"
| #define PACKAGE_TARNAME "yate"
| #define PACKAGE_VERSION "5.5.1"
| #define PACKAGE_STRING "Yate 5.5.1"
| #define PACKAGE_BUGREPORT ""
| #define PACKAGE_URL ""
| #define STDC_HEADERS 1
| #define HAVE_SYS_TYPES_H 1
| #define HAVE_SYS_STAT_H 1
| #define HAVE_STDLIB_H 1
| #define HAVE_STRING_H 1
| #define HAVE_MEMORY_H 1
| #define HAVE_STRINGS_H 1
| #define HAVE_INTTYPES_H 1
| #define HAVE_STDINT_H 1
| #define HAVE_UNISTD_H 1
| #define HAVE_DIRENT_H 1
| #define STDC_HEADERS 1
| #define HAVE_FCNTL_H 1
| #define HAVE_SEMAPHORE_H 1
| #define HAVE_ARPA_INET_H 1
| #define HAVE_NETDB_H 1
| #define HAVE_NETINET_IN_H 1
| #define HAVE_SYS_IOCTL_H 1
| #define HAVE_SYS_SOCKET_H 1
| #define HAVE_SYS_TIME_H 1
| #define TIME_WITH_SYS_TIME 1
| #define RETSIGTYPE void
| #define HAVE_MALLOC 1
| #define HAVE_GETTIMEOFDAY 1
| #define HAVE_INET_NTOA 1
| #define HAVE_MEMMOVE 1
| #define HAVE_STRERROR 1
| #define HAVE_GETCWD 1
| #define HAVE_LIBDL 1
| #define HAVE_REGCOMP 1
| /* end confdefs.h.  */
| 
| #define __LINUX__
| #include <sys/types.h>
| #include <sys/ioctl.h>
| #include <sys/socket.h>
| #include <netinet/in.h>
| #include <if_wanpipe.h>
| #include <wanpipe_defines.h>
| #include <wanpipe_cfg.h>
| #include <wanpipe.h>
| #include <aft_core.h>
| 
| int
| main ()
| {
| 
|   ;
|   return 0;
| }
configure:6451: result: no
configure:6456: checking for Wanpipe old generic headers
configure:6482: gcc -c -g -O2 -I/usr/include/wanpipe  conftest.c >&5
conftest.c:45:24: fatal error: if_wanpipe.h: No such file or directory
compilation terminated.
configure:6482: $? = 1
configure: failed program was:
| /* confdefs.h */
| #define PACKAGE_NAME "Yate"
| #define PACKAGE_TARNAME "yate"
| #define PACKAGE_VERSION "5.5.1"
| #define PACKAGE_STRING "Yate 5.5.1"
| #define PACKAGE_BUGREPORT ""
| #define PACKAGE_URL ""
| #define STDC_HEADERS 1
| #define HAVE_SYS_TYPES_H 1
| #define HAVE_SYS_STAT_H 1
| #define HAVE_STDLIB_H 1
| #define HAVE_STRING_H 1
| #define HAVE_MEMORY_H 1
| #define HAVE_STRINGS_H 1
| #define HAVE_INTTYPES_H 1
| #define HAVE_STDINT_H 1
| #define HAVE_UNISTD_H 1
| #define HAVE_DIRENT_H 1
| #define STDC_HEADERS 1
| #define HAVE_FCNTL_H 1
| #define HAVE_SEMAPHORE_H 1
| #define HAVE_ARPA_INET_H 1
| #define HAVE_NETDB_H 1
| #define HAVE_NETINET_IN_H 1
| #define HAVE_SYS_IOCTL_H 1
| #define HAVE_SYS_SOCKET_H 1
| #define HAVE_SYS_TIME_H 1
| #define TIME_WITH_SYS_TIME 1
| #define RETSIGTYPE void
| #define HAVE_MALLOC 1
| #define HAVE_GETTIMEOFDAY 1
| #define HAVE_INET_NTOA 1
| #define HAVE_MEMMOVE 1
| #define HAVE_STRERROR 1
| #define HAVE_GETCWD 1
| #define HAVE_LIBDL 1
| #define HAVE_REGCOMP 1
| /* end confdefs.h.  */
| 
| #define __LINUX__
| #include <sys/types.h>
| #include <sys/ioctl.h>
| #include <sys/socket.h>
| #include <netinet/in.h>
| #include <if_wanpipe.h>
| #include <wanpipe_defines.h>
| #include <wanpipe_cfg.h>
| #include <wanpipe.h>
| #include <sdla_aft_te1.h>
| 
| int
| main ()
| {
| 
|   ;
|   return 0;
| }
configure:6488: result: no
configure:6494: checking for Wanpipe linux headers
configure:6519: gcc -c -g -O2  conftest.c >&5
conftest.c:45:30: fatal error: linux/if_wanpipe.h: No such file or directory
compilation terminated.
configure:6519: $? = 1
configure: failed program was:
| /* confdefs.h */
| #define PACKAGE_NAME "Yate"
| #define PACKAGE_TARNAME "yate"
| #define PACKAGE_VERSION "5.5.1"
| #define PACKAGE_STRING "Yate 5.5.1"
| #define PACKAGE_BUGREPORT ""
| #define PACKAGE_URL ""
| #define STDC_HEADERS 1
| #define HAVE_SYS_TYPES_H 1
| #define HAVE_SYS_STAT_H 1
| #define HAVE_STDLIB_H 1
| #define HAVE_STRING_H 1
| #define HAVE_MEMORY_H 1
| #define HAVE_STRINGS_H 1
| #define HAVE_INTTYPES_H 1
| #define HAVE_STDINT_H 1
| #define HAVE_UNISTD_H 1
| #define HAVE_DIRENT_H 1
| #define STDC_HEADERS 1
| #define HAVE_FCNTL_H 1
| #define HAVE_SEMAPHORE_H 1
| #define HAVE_ARPA_INET_H 1
| #define HAVE_NETDB_H 1
| #define HAVE_NETINET_IN_H 1
| #define HAVE_SYS_IOCTL_H 1
| #define HAVE_SYS_SOCKET_H 1
| #define HAVE_SYS_TIME_H 1
| #define TIME_WITH_SYS_TIME 1
| #define RETSIGTYPE void
| #define HAVE_MALLOC 1
| #define HAVE_GETTIMEOFDAY 1
| #define HAVE_INET_NTOA 1
| #define HAVE_MEMMOVE 1
| #define HAVE_STRERROR 1
| #define HAVE_GETCWD 1
| #define HAVE_LIBDL 1
| #define HAVE_REGCOMP 1
| /* end confdefs.h.  */
| 
| #define __LINUX__
| #include <sys/types.h>
| #include <sys/ioctl.h>
| #include <sys/socket.h>
| #include <netinet/in.h>
| #include <linux/if_wanpipe.h>
| #include <linux/if.h>
| #include <linux/wanpipe_defines.h>
| #include <linux/wanpipe_cfg.h>
| #include <linux/wanpipe.h>
| #include <linux/sdla_aft_te1.h>
| 
| int
| main ()
| {
| 
|   ;
|   return 0;
| }
configure:6524: result: no
configure:6592: checking for sound card headers
configure:6618: gcc -c -g -O2  conftest.c >&5
configure:6618: $? = 0
configure:6623: result: yes
configure:6628: checking for ALSA headers
configure:6652: gcc -c -g -O2  conftest.c >&5
conftest.c:49:28: fatal error: alsa/asoundlib.h: No such file or directory
compilation terminated.
configure:6652: $? = 1
configure: failed program was:
| /* confdefs.h */
| #define PACKAGE_NAME "Yate"
| #define PACKAGE_TARNAME "yate"
| #define PACKAGE_VERSION "5.5.1"
| #define PACKAGE_STRING "Yate 5.5.1"
| #define PACKAGE_BUGREPORT ""
| #define PACKAGE_URL ""
| #define STDC_HEADERS 1
| #define HAVE_SYS_TYPES_H 1
| #define HAVE_SYS_STAT_H 1
| #define HAVE_STDLIB_H 1
| #define HAVE_STRING_H 1
| #define HAVE_MEMORY_H 1
| #define HAVE_STRINGS_H 1
| #define HAVE_INTTYPES_H 1
| #define HAVE_STDINT_H 1
| #define HAVE_UNISTD_H 1
| #define HAVE_DIRENT_H 1
| #define STDC_HEADERS 1
| #define HAVE_FCNTL_H 1
| #define HAVE_SEMAPHORE_H 1
| #define HAVE_ARPA_INET_H 1
| #define HAVE_NETDB_H 1
| #define HAVE_NETINET_IN_H 1
| #define HAVE_SYS_IOCTL_H 1
| #define HAVE_SYS_SOCKET_H 1
| #define HAVE_SYS_TIME_H 1
| #define TIME_WITH_SYS_TIME 1
| #define RETSIGTYPE void
| #define HAVE_MALLOC 1
| #define HAVE_GETTIMEOFDAY 1
| #define HAVE_INET_NTOA 1
| #define HAVE_MEMMOVE 1
| #define HAVE_STRERROR 1
| #define HAVE_GETCWD 1
| #define HAVE_LIBDL 1
| #define HAVE_REGCOMP 1
| /* end confdefs.h.  */
| 
| #if defined(__linux__)
| #include <linux/soundcard.h>
| #elif defined (__FreeBSD__)
| #include <sys/soundcard.h>
| #else
| #include <soundcard.h>
| #endif
| 
| #define ALSA_PCM_NEW_HW_PARAMS_API
| #include <alsa/asoundlib.h>
| 
| int
| main ()
| {
| 
|   ;
|   return 0;
| }
configure:6657: result: no
configure:6728: checking for gsm.h in /usr/local/include/gsm
configure:6734: result: no
configure:6752: checking for iLBC reference in libs
configure:6761: result: yes
configure:6777: checking for iLBC miniwebrtc in libs
configure:6786: result: yes
configure:6802: checking for iSAC float in libs
configure:6811: result: yes
configure:6864: checking for speex.h in /usr/local/include/speex
configure:6895: result: no
configure:6919: checking for AMR-NB in /usr
configure:6929: result: no
configure:6959: checking for usable spandsp in /usr/local/include
configure:7105: result: no
configure:7131: checking for Pwlib in /usr/local
configure:7203: result: no  RTTI: none
configure:7282: checking for OpenSSL using pkg-config
configure:7300: result: 1.0.2g
configure:7338: checking for zlib in /usr
configure:7357: gcc -o conftest -g -O2 -I/usr/include   conftest.c  -lz >&5
configure:7357: $? = 0
configure:7371: result: yes
configure:7391: checking for libusb in /usr
configure:7440: result: no
configure:7478: checking for Qt4 >= 4.3.0 using pkg-config
configure:7507: result: no
configure:7511: checking for Qt4 >= 4.3.0 using qmake
configure:7552: result: no
configure:7576: checking for mallinfo in malloc.h
configure:7594: gcc -c -g -O2  conftest.c >&5
configure:7594: $? = 0
configure:7599: result: yes
configure:7624: checking for coredumper.h in /usr/local
configure:7631: result: no
configure:7647: checking whether to enable RTTI support
configure:7668: result: none
configure:7696: checking if shared libraries should be executable
configure:7704: result: no
configure:7754: checking for doxygen version
configure:7762: result: no
configure:7779: checking for kdoc version
configure:7787: result: no
configure:7954: creating ./config.status

## ---------------------- ##
## Running config.status. ##
## ---------------------- ##

This file was extended by Yate config.status 5.5.1, which was
generated by GNU Autoconf 2.69.  Invocation command line was

  CONFIG_FILES    = 
  CONFIG_HEADERS  = 
  CONFIG_LINKS    = 
  CONFIG_COMMANDS = 
  $ ./config.status 

on computer

config.status:880: creating packing/rpm/yate.spec
config.status:880: creating packing/portage/yate.ebuild
config.status:880: creating yate.pc
config.status:880: creating yateversn.h
config.status:880: creating yateiss.inc
config.status:880: creating Makefile
config.status:880: creating engine/Makefile
config.status:880: creating modules/Makefile
config.status:880: creating modules/test/Makefile
config.status:880: creating clients/Makefile
config.status:880: creating clients/qt4/Makefile
config.status:880: creating libs/ilbc/Makefile
config.status:880: creating libs/ysip/Makefile
config.status:880: creating libs/yrtp/Makefile
config.status:880: creating libs/ysdp/Makefile
config.status:880: creating libs/yiax/Makefile
config.status:880: creating libs/yjabber/Makefile
config.status:880: creating libs/yscript/Makefile
config.status:880: creating libs/ymgcp/Makefile
config.status:880: creating libs/ysig/Makefile
config.status:880: creating libs/ypbx/Makefile
config.status:880: creating libs/ymodem/Makefile
config.status:880: creating libs/yasn/Makefile
config.status:880: creating libs/ysnmp/Makefile
config.status:880: creating libs/miniwebrtc/Makefile
config.status:880: creating libs/yradio/Makefile
config.status:880: creating share/Makefile
config.status:880: creating share/scripts/Makefile
config.status:880: creating share/skins/Makefile
config.status:880: creating share/sounds/Makefile
config.status:880: creating share/help/Makefile
config.status:880: creating share/data/Makefile
config.status:880: creating conf.d/Makefile
config.status:880: creating yate-config
config.status:880: creating run

## ---------------- ##
## Cache variables. ##
## ---------------- ##

ac_cv_c_bigendian=no
ac_cv_c_compiler_gnu=yes
ac_cv_c_const=yes
ac_cv_c_inline=inline
ac_cv_cxx_compiler_gnu=yes
ac_cv_env_CCC_set=
ac_cv_env_CCC_value=
ac_cv_env_CC_set=
ac_cv_env_CC_value=
ac_cv_env_CFLAGS_set=
ac_cv_env_CFLAGS_value=
ac_cv_env_CPPFLAGS_set=
ac_cv_env_CPPFLAGS_value=
ac_cv_env_CPP_set=
ac_cv_env_CPP_value=
ac_cv_env_CXXFLAGS_set=
ac_cv_env_CXXFLAGS_value=
ac_cv_env_CXX_set=
ac_cv_env_CXX_value=
ac_cv_env_LDFLAGS_set=
ac_cv_env_LDFLAGS_value=
ac_cv_env_LIBS_set=
ac_cv_env_LIBS_value=
ac_cv_env_build_alias_set=
ac_cv_env_build_alias_value=
ac_cv_env_host_alias_set=
ac_cv_env_host_alias_value=
ac_cv_env_target_alias_set=
ac_cv_env_target_alias_value=
ac_cv_format_checks=yes
ac_cv_func_getcwd=yes
ac_cv_func_gethostbyname2=yes
ac_cv_func_gethostbyname2_r=yes
ac_cv_func_gethostbyname_r=yes
ac_cv_func_gettimeofday=yes
ac_cv_func_inet_ntoa=yes
ac_cv_func_inet_ntop=yes
ac_cv_func_inet_pton=yes
ac_cv_func_malloc=yes
ac_cv_func_memmove=yes
ac_cv_func_regcomp=yes
ac_cv_func_strerror=yes
ac_cv_header_arpa_inet_h=yes
ac_cv_header_dirent_dirent_h=yes
ac_cv_header_fcntl_h=yes
ac_cv_header_inttypes_h=yes
ac_cv_header_memory_h=yes
ac_cv_header_netdb_h=yes
ac_cv_header_netinet_in_h=yes
ac_cv_header_semaphore_h=yes
ac_cv_header_stdc=yes
ac_cv_header_stdint_h=yes
ac_cv_header_stdlib_h=yes
ac_cv_header_string_h=yes
ac_cv_header_strings_h=yes
ac_cv_header_sys_ioctl_h=yes
ac_cv_header_sys_socket_h=yes
ac_cv_header_sys_stat_h=yes
ac_cv_header_sys_time_h=yes
ac_cv_header_sys_types_h=yes
ac_cv_header_time=yes
ac_cv_header_unistd_h=yes
ac_cv_lib_dl_dlopen=yes
ac_cv_lib_pthread_pthread_mutexattr_settype=yes
ac_cv_no_overload_virt=yes
ac_cv_objext=o
ac_cv_path_EGREP='/bin/grep -E'
ac_cv_path_GREP=/bin/grep
ac_cv_prog_AWK=mawk
ac_cv_prog_CPP='gcc -E'
ac_cv_prog_ac_ct_CC=gcc
ac_cv_prog_ac_ct_CXX=g++
ac_cv_prog_cc_c89=
ac_cv_prog_cc_g=yes
ac_cv_prog_cxx_g=yes
ac_cv_search_opendir='none required'
ac_cv_type_signal=void
ac_cv_use_amrnb=/usr
ac_cv_use_coredumper=/usr/local
ac_cv_use_doxygen=no
ac_cv_use_fdsize=8192
ac_cv_use_kdoc=no
ac_cv_use_libgsm=/usr/local/include/gsm
ac_cv_use_libpq=/usr
ac_cv_use_libqt4=yes
ac_cv_use_libspeex=/usr/local/include
ac_cv_use_libusb=/usr
ac_cv_use_mallinfo=yes
ac_cv_use_mysql=yes
ac_cv_use_openh323=/usr
ac_cv_use_openssl=yes
ac_cv_use_pwlib=/usr/local
ac_cv_use_qtstatic=no
ac_cv_use_spandsp=/usr/local/include
ac_cv_use_sqlite=yes
ac_cv_use_wphwec=/usr/include/wanpipe
ac_cv_use_zlib=/usr

## ----------------- ##
## Output variables. ##
## ----------------- ##

AMRNB_INC=''
AMRNB_LIB='-lamrnb'
ARCHLIB='lib/x86_64-linux-gnu'
ATOMIC_OPS='-DATOMIC_OPS'
AWK='mawk'
BUILD_TDMCARD='yes'
BUILD_WPCARD='yes'
CC='gcc'
CFLAGS=' -O2'
CONFIGURE_FILES=' yate.pc yateversn.h yateiss.inc Makefile engine/Makefile modules/Makefile modules/test/Makefile clients/Makefile clients/qt4/Makefile libs/ilbc/Makefile libs/ysip/Makefile libs/yrtp/Makefile libs/ysdp/Makefile libs/yiax/Makefile libs/yjabber/Makefile libs/yscript/Makefile libs/ymgcp/Makefile libs/ysig/Makefile libs/ypbx/Makefile libs/ymodem/Makefile libs/yasn/Makefile libs/ysnmp/Makefile libs/miniwebrtc/Makefile libs/yradio/Makefile share/Makefile share/scripts/Makefile share/skins/Makefile share/sounds/Makefile share/help/Makefile share/data/Makefile conf.d/Makefile yate-config run config.status config.log'
COREDUMPER_INC=''
COREDUMPER_LIB=''
CPP='gcc -E'
CPPFLAGS=''
CXX='g++'
CXXFLAGS='-g -O2'
DEFS='-DPACKAGE_NAME=\"Yate\" -DPACKAGE_TARNAME=\"yate\" -DPACKAGE_VERSION=\"5.5.1\" -DPACKAGE_STRING=\"Yate\ 5.5.1\" -DPACKAGE_BUGREPORT=\"\" -DPACKAGE_URL=\"\" -DSTDC_HEADERS=1 -DHAVE_SYS_TYPES_H=1 -DHAVE_SYS_STAT_H=1 -DHAVE_STDLIB_H=1 -DHAVE_STRING_H=1 -DHAVE_MEMORY_H=1 -DHAVE_STRINGS_H=1 -DHAVE_INTTYPES_H=1 -DHAVE_STDINT_H=1 -DHAVE_UNISTD_H=1 -DHAVE_DIRENT_H=1 -DSTDC_HEADERS=1 -DHAVE_FCNTL_H=1 -DHAVE_SEMAPHORE_H=1 -DHAVE_ARPA_INET_H=1 -DHAVE_NETDB_H=1 -DHAVE_NETINET_IN_H=1 -DHAVE_SYS_IOCTL_H=1 -DHAVE_SYS_SOCKET_H=1 -DHAVE_SYS_TIME_H=1 -DTIME_WITH_SYS_TIME=1 -DRETSIGTYPE=void -DHAVE_MALLOC=1 -DHAVE_GETTIMEOFDAY=1 -DHAVE_INET_NTOA=1 -DHAVE_MEMMOVE=1 -DHAVE_STRERROR=1 -DHAVE_GETCWD=1 -DHAVE_LIBDL=1 -DHAVE_REGCOMP=1'
DLOPEN_LIB='-ldl'
DOXYGEN_BIN=''
ECHO_C=''
ECHO_N='-n'
ECHO_T=''
EGREP='/bin/grep -E'
EXEEXT=''
FDSIZE_HACK='-DHAVE_POLL -DFDSIZE_HACK=8192'
GREP='/bin/grep'
GSM_INC=''
GSM_LIB='-lgsm'
H323_INC=''
H323_LIB=''
H323_RUN=''
HAVE_ALSA='no'
HAVE_AMRNB='no'
HAVE_BLOCK_RETURN='-DHAVE_BLOCK_RETURN'
HAVE_COREAUDIO='no'
HAVE_COREDUMPER='no'
HAVE_GETCWD='-DHAVE_GETCWD'
HAVE_GMTOFF='-DHAVE_GMTOFF'
HAVE_GSM='no'
HAVE_H323='no'
HAVE_ILBC='yes'
HAVE_ILBCWR='yes'
HAVE_INT_TZ='-DHAVE_INT_TZ'
HAVE_ISAC='yes'
HAVE_LIBUSB='no'
HAVE_MACOSX_SUPPORT='no'
HAVE_MALLINFO='yes'
HAVE_MYSQL='no'
HAVE_OPENSSL='yes'
HAVE_PGSQL='no'
HAVE_POLL='yes'
HAVE_PRCTL='-DHAVE_PRCTL'
HAVE_QT4='no'
HAVE_RESOLV='yes'
HAVE_SCTP='yes'
HAVE_SCTP_NETINET='yes'
HAVE_SOCKADDR_LEN=''
HAVE_SOUNDCARD='yes'
HAVE_SPANDSP='no'
HAVE_SPEEX='no'
HAVE_SQLITE='no'
HAVE_WANPIPE='no'
HAVE_WANPIPE_TDM='no'
HAVE_ZAP='yes'
HAVE_ZLIB='yes'
ILBCWR_INC='-I/home/user/yate/libs/miniwebrtc/audio/coding_ilbc'
ILBC_INC='-I/home/user/yate/libs/ilbc'
INLINE_FLAGS=''
INSTALL_D='install -D'
INSTALL_L='-m 0644'
INTERNAL_REGEX='no'
ISAC_INC='-I/home/user/yate/libs/miniwebrtc/audio/coding_isac/main'
KDOC_BIN=''
LDFLAGS=''
LIBOBJS=''
LIBS=''
LIBUSB_INC=''
LIBUSB_LIB=''
LTLIBOBJS=''
MACOSX_INC=''
MODULE_CFLAGS='-fno-exceptions -fPIC -DHAVE_GCC_FORMAT_CHECK -DHAVE_BLOCK_RETURN'
MODULE_CPPFLAGS='-Wno-overloaded-virtual  -fno-exceptions -fPIC -DHAVE_GCC_FORMAT_CHECK -DHAVE_BLOCK_RETURN'
MODULE_LDFLAGS='-rdynamic -shared -Wl,--unresolved-symbols=ignore-in-shared-libs'
MODULE_LDRELAX='-rdynamic -shared'
MODULE_SYMBOLS='-Wl,--retain-symbols-file,/dev/null'
MUTEX_HACK=' -DHAVE_TIMEDLOCK -DHAVE_TIMEDWAIT'
MYSQL_INC=''
MYSQL_LIB=''
MYSQL_VER=''
NETDB_FLAGS=' -DHAVE_NTOP -DHAVE_PTON -DHAVE_GHBN_R -DHAVE_GHBN2_R -DHAVE_GHBN2'
OBJCFLAGS=''
OBJEXT='o'
OPENSSL_INC=''
OPENSSL_LIB='-lssl -lcrypto'
OPENSSL_VER='1.0.2g'
PACKAGE_BUGREPORT=''
PACKAGE_NAME='Yate'
PACKAGE_RELEASE='1'
PACKAGE_REVISION='6142'
PACKAGE_STATUS='devel'
PACKAGE_STRING='Yate 5.5.1'
PACKAGE_TARNAME='yate'
PACKAGE_URL=''
PACKAGE_VERSION='5.5.1'
PACKAGE_VERSION_BUILD='1'
PACKAGE_VERSION_MAJOR='5'
PACKAGE_VERSION_MINOR='5'
PACKAGE_VERSION_RELEASE='1'
PATH_SEPARATOR=':'
PGSQL_INC=''
PGSQL_LIB='-lpq'
QT4_INC=''
QT4_INC_NET=''
QT4_LIB=''
QT4_LIB_NET=''
QT4_MOC=''
QT4_STATIC_MODULES='no'
QT4_VER=''
RESOLV_INC=''
RESOLV_LIB='-lresolv'
RTTI_OPT=''
SCTP_FLAGS='-DHAVE_SCTP -DHAVE_SCTP_NETINET -DHAVE_SCTP_CONNECTX_4 -DHAVE_SETADAPTATION_STRUCT -DHAVE_SACK_INFO_STRUCT'
SHELL='/bin/bash'
SONAME_OPT='-shared -Wl,-soname='
SPANDSP_INC=''
SPANDSP_LIB='-lspandsp'
SPEEX_INC=''
SPEEX_LIB='-lspeex'
SQLITE_INC=''
SQLITE_LIB=''
SSE2_OPS='no'
THREAD_KILL=''
THREAD_LIB='-lpthread'
USE_RTTI='none'
WANPIPE_FLAGS=''
ZAP_FLAGS=''
ZLIB_INC='-I/usr/include'
ZLIB_LIB='-lz'
ac_ct_CC='gcc'
ac_ct_CXX='g++'
bindir='${exec_prefix}/bin'
build_alias=''
datadir='${datarootdir}'
datarootdir='${prefix}/share'
docdir='${datarootdir}/doc/${PACKAGE_TARNAME}'
dvidir='${docdir}'
exec_prefix='${prefix}'
host_alias=''
htmldir='${docdir}'
includedir='${prefix}/include'
infodir='${datarootdir}/info'
libdir='${exec_prefix}/lib'
libexecdir='${exec_prefix}/libexec'
localedir='${datarootdir}/locale'
localstatedir='${prefix}/var'
mandir='${datarootdir}/man'
oldincludedir='/usr/include'
pdfdir='${docdir}'
prefix='/usr/local'
program_transform_name='s,x,x,'
psdir='${docdir}'
runstatedir='${localstatedir}/run'
sbindir='${exec_prefix}/sbin'
sharedstatedir='${prefix}/com'
sysconfdir='${prefix}/etc'
target_alias=''

## ----------- ##
## confdefs.h. ##
## ----------- ##

/* confdefs.h */
#define PACKAGE_NAME "Yate"
#define PACKAGE_TARNAME "yate"
#define PACKAGE_VERSION "5.5.1"
#define PACKAGE_STRING "Yate 5.5.1"
#define PACKAGE_BUGREPORT ""
#define PACKAGE_URL ""
#define STDC_HEADERS 1
#define HAVE_SYS_TYPES_H 1
#define HAVE_SYS_STAT_H 1
#define HAVE_STDLIB_H 1
#define HAVE_STRING_H 1
#define HAVE_MEMORY_H 1
#define HAVE_STRINGS_H 1
#define HAVE_INTTYPES_H 1
#define HAVE_STDINT_H 1
#define HAVE_UNISTD_H 1
#define HAVE_DIRENT_H 1
#define STDC_HEADERS 1
#define HAVE_FCNTL_H 1
#define HAVE_SEMAPHORE_H 1
#define HAVE_ARPA_INET_H 1
#define HAVE_NETDB_H 1
#define HAVE_NETINET_IN_H 1
#define HAVE_SYS_IOCTL_H 1
#define HAVE_SYS_SOCKET_H 1
#define HAVE_SYS_TIME_H 1
#define TIME_WITH_SYS_TIME 1
#define RETSIGTYPE void
#define HAVE_MALLOC 1
#define HAVE_GETTIMEOFDAY 1
#define HAVE_INET_NTOA 1
#define HAVE_MEMMOVE 1
#define HAVE_STRERROR 1
#define HAVE_GETCWD 1
#define HAVE_LIBDL 1
#define HAVE_REGCOMP 1

configure: exit 0
